{"level":30,"time":"2025-06-23T22:47:18.370Z","pid":38632,"hostname":"MDT-Desktop","message":"Logger initialized","logFile":"C:\\Users\\mrtab\\Desktop\\DEv stuff\\logs\\pipeline-2025-06-23T22-47-18.365Z.log","nodeVersion":"v20.13.1","platform":"win32"}
{"level":30,"time":"2025-06-23T22:47:18.492Z","pid":38632,"hostname":"MDT-Desktop","msg":"Starting data processing pipeline..."}
{"level":30,"time":"2025-06-23T22:47:18.492Z","pid":38632,"hostname":"MDT-Desktop","msg":"Initializing pipeline with 15 threads"}
{"level":30,"time":"2025-06-23T22:47:18.492Z","pid":38632,"hostname":"MDT-Desktop","msg":"Generating 1000000 sample records..."}
{"level":30,"time":"2025-06-23T22:47:23.537Z","pid":38632,"hostname":"MDT-Desktop","msg":"Sample data generated at C:\\Users\\mrtab\\Desktop\\DEv stuff\\data\\sample_data.json"}
{"level":30,"time":"2025-06-23T22:47:23.543Z","pid":38632,"hostname":"MDT-Desktop","msg":"Dashboard server started on port 3000"}
{"level":30,"time":"2025-06-23T22:47:23.543Z","pid":38632,"hostname":"MDT-Desktop","msg":"Dashboard URL: http://localhost:3000"}
{"level":30,"time":"2025-06-23T22:47:23.543Z","pid":38632,"hostname":"MDT-Desktop","msg":"Initializing thread pool with 15 workers"}
{"level":30,"time":"2025-06-23T22:47:23.551Z","pid":38632,"hostname":"MDT-Desktop","msg":"Thread pool initialized with 15 workers"}
{"level":30,"time":"2025-06-23T22:47:23.553Z","pid":38632,"hostname":"MDT-Desktop","msg":"Opening data source from file: C:\\Users\\mrtab\\Desktop\\DEv stuff\\data\\sample_data.json"}
{"level":30,"time":"2025-06-23T22:47:23.591Z","pid":38632,"hostname":"MDT-Desktop","msg":"Worker 1 initialized"}
{"level":30,"time":"2025-06-23T22:47:23.592Z","pid":38632,"hostname":"MDT-Desktop","msg":"Worker 1 ready to process data"}
{"level":30,"time":"2025-06-23T22:47:23.593Z","pid":38632,"hostname":"MDT-Desktop","msg":"Worker 2 initialized"}
{"level":30,"time":"2025-06-23T22:47:23.593Z","pid":38632,"hostname":"MDT-Desktop","msg":"Worker 2 ready to process data"}
{"level":30,"time":"2025-06-23T22:47:23.593Z","pid":38632,"hostname":"MDT-Desktop","msg":"Worker 0 initialized"}
{"level":30,"time":"2025-06-23T22:47:23.593Z","pid":38632,"hostname":"MDT-Desktop","msg":"Worker 0 ready to process data"}
{"level":30,"time":"2025-06-23T22:47:23.593Z","pid":38632,"hostname":"MDT-Desktop","msg":"Worker 3 initialized"}
{"level":30,"time":"2025-06-23T22:47:23.593Z","pid":38632,"hostname":"MDT-Desktop","msg":"Worker 3 ready to process data"}
{"level":30,"time":"2025-06-23T22:47:23.598Z","pid":38632,"hostname":"MDT-Desktop","msg":"Worker 11 initialized"}
{"level":30,"time":"2025-06-23T22:47:23.598Z","pid":38632,"hostname":"MDT-Desktop","msg":"Worker 11 ready to process data"}
{"level":30,"time":"2025-06-23T22:47:23.600Z","pid":38632,"hostname":"MDT-Desktop","msg":"Worker 10 initialized"}
{"level":30,"time":"2025-06-23T22:47:23.600Z","pid":38632,"hostname":"MDT-Desktop","msg":"Worker 10 ready to process data"}
{"level":30,"time":"2025-06-23T22:47:23.601Z","pid":38632,"hostname":"MDT-Desktop","msg":"Worker 8 initialized"}
{"level":30,"time":"2025-06-23T22:47:23.601Z","pid":38632,"hostname":"MDT-Desktop","msg":"Worker 8 ready to process data"}
{"level":30,"time":"2025-06-23T22:47:23.601Z","pid":38632,"hostname":"MDT-Desktop","msg":"Worker 5 initialized"}
{"level":30,"time":"2025-06-23T22:47:23.601Z","pid":38632,"hostname":"MDT-Desktop","msg":"Worker 5 ready to process data"}
{"level":30,"time":"2025-06-23T22:47:23.602Z","pid":38632,"hostname":"MDT-Desktop","msg":"Worker 13 initialized"}
{"level":30,"time":"2025-06-23T22:47:23.602Z","pid":38632,"hostname":"MDT-Desktop","msg":"Worker 13 ready to process data"}
{"level":30,"time":"2025-06-23T22:47:23.602Z","pid":38632,"hostname":"MDT-Desktop","msg":"Worker 4 initialized"}
{"level":30,"time":"2025-06-23T22:47:23.603Z","pid":38632,"hostname":"MDT-Desktop","msg":"Worker 4 ready to process data"}
{"level":30,"time":"2025-06-23T22:47:23.603Z","pid":38632,"hostname":"MDT-Desktop","msg":"Worker 6 initialized"}
{"level":30,"time":"2025-06-23T22:47:23.603Z","pid":38632,"hostname":"MDT-Desktop","msg":"Worker 6 ready to process data"}
{"level":30,"time":"2025-06-23T22:47:23.608Z","pid":38632,"hostname":"MDT-Desktop","msg":"Worker 14 initialized"}
{"level":30,"time":"2025-06-23T22:47:23.609Z","pid":38632,"hostname":"MDT-Desktop","msg":"Worker 14 ready to process data"}
{"level":30,"time":"2025-06-23T22:47:23.609Z","pid":38632,"hostname":"MDT-Desktop","msg":"Worker 9 initialized"}
{"level":30,"time":"2025-06-23T22:47:23.610Z","pid":38632,"hostname":"MDT-Desktop","msg":"Worker 9 ready to process data"}
{"level":30,"time":"2025-06-23T22:47:23.611Z","pid":38632,"hostname":"MDT-Desktop","msg":"Worker 12 initialized"}
{"level":30,"time":"2025-06-23T22:47:23.611Z","pid":38632,"hostname":"MDT-Desktop","msg":"Worker 12 ready to process data"}
{"level":30,"time":"2025-06-23T22:47:23.613Z","pid":38632,"hostname":"MDT-Desktop","msg":"Worker 7 initialized"}
{"level":30,"time":"2025-06-23T22:47:23.613Z","pid":38632,"hostname":"MDT-Desktop","msg":"Worker 7 ready to process data"}
{"level":30,"time":"2025-06-23T22:47:26.503Z","pid":38632,"hostname":"MDT-Desktop","msg":"Loaded 1000000 records from JSON file"}
{"level":30,"time":"2025-06-23T22:47:26.529Z","pid":38632,"hostname":"MDT-Desktop","msg":"Opening data sink: ./output/processed_data.json"}
{"level":30,"time":"2025-06-23T22:47:26.529Z","pid":38632,"hostname":"MDT-Desktop","msg":"Output stream opened: json"}
{"level":30,"time":"2025-06-23T22:47:26.531Z","pid":38632,"hostname":"MDT-Desktop","msg":"Pipeline status changed: running -> running"}
{"level":30,"time":"2025-06-23T22:47:26.675Z","pid":38632,"hostname":"MDT-Desktop","msg":"Client connected: Vm_bYeyMA-Q77FK6AAAB. Total clients: 1"}
{"level":30,"time":"2025-06-23T22:47:41.332Z","pid":38632,"hostname":"MDT-Desktop","msg":"Pipeline status changed: running -> completed"}
{"level":30,"time":"2025-06-23T22:47:41.333Z","pid":38632,"hostname":"MDT-Desktop","msg":"Pipeline processing complete. Processed 1000 batches, 1000000 records."}
{"level":30,"time":"2025-06-23T22:47:41.333Z","pid":38632,"hostname":"MDT-Desktop","msg":"Data source closed"}
{"level":30,"time":"2025-06-23T22:47:41.333Z","pid":38632,"hostname":"MDT-Desktop","msg":"Data sink closed, total records written: 1000000"}
{"level":50,"time":"2025-06-23T22:47:41.333Z","pid":38632,"hostname":"MDT-Desktop","msg":"Pipeline failed"}
